[34617] 16 Aug 21:28:10 # Warning: no config file specified, using the default config. In order to specify a config file use 'redis-server /path/to/redis.conf'
[34617] 16 Aug 21:28:10 * Server started, Redis version 2.4.4
[34617] 16 Aug 21:28:10 * The server is now ready to accept connections on port 6379
[34617] 16 Aug 21:28:10 - 0 clients connected (0 slaves), 922304 bytes in use
[34617] 16 Aug 21:28:12 - Accepted 127.0.0.1:54010
[34617] 16 Aug 21:28:15 - 1 clients connected (0 slaves), 931168 bytes in use
[34617] 16 Aug 21:28:20 - 1 clients connected (0 slaves), 931168 bytes in use
[34617] 16 Aug 21:28:25 - 1 clients connected (0 slaves), 931168 bytes in use
[34617] 16 Aug 21:28:30 - 1 clients connected (0 slaves), 931168 bytes in use
[34617] 16 Aug 21:28:35 - 1 clients connected (0 slaves), 931168 bytes in use
[34617] 16 Aug 21:28:36 - Client closed connection
[34617] 16 Aug 21:28:40 - 0 clients connected (0 slaves), 922336 bytes in use
[34617] 16 Aug 21:28:45 - 0 clients connected (0 slaves), 922336 bytes in use
[34617] 16 Aug 21:28:50 - 0 clients connected (0 slaves), 922336 bytes in use
[34617] 16 Aug 21:28:55 - 0 clients connected (0 slaves), 922336 bytes in use
[34617] 16 Aug 21:29:00 - 0 clients connected (0 slaves), 922336 bytes in use
[34617] 16 Aug 21:29:05 - 0 clients connected (0 slaves), 922336 bytes in use
[34617] 16 Aug 21:29:10 - 0 clients connected (0 slaves), 922336 bytes in use
[34617] 16 Aug 21:29:15 - 0 clients connected (0 slaves), 922336 bytes in use
[34617] 16 Aug 21:29:20 - 0 clients connected (0 slaves), 922336 bytes in use
[34617] 16 Aug 21:29:25 - 0 clients connected (0 slaves), 922336 bytes in use
[34617] 16 Aug 21:29:31 - 0 clients connected (0 slaves), 922336 bytes in use
[34617] 16 Aug 21:29:36 - 0 clients connected (0 slaves), 922336 bytes in use
[34617] 16 Aug 21:29:41 - 0 clients connected (0 slaves), 922336 bytes in use
[34617] 16 Aug 21:29:46 - 0 clients connected (0 slaves), 922336 bytes in use
[34617] 16 Aug 21:29:51 - 0 clients connected (0 slaves), 922336 bytes in use
[34617] 16 Aug 21:29:56 - 0 clients connected (0 slaves), 922336 bytes in use
[34617] 16 Aug 21:30:01 - 0 clients connected (0 slaves), 922336 bytes in use
[34617] 16 Aug 21:30:01 - Accepted 127.0.0.1:54065
[34617] 16 Aug 21:30:06 - 1 clients connected (0 slaves), 931168 bytes in use
[34617] 16 Aug 21:30:11 - 1 clients connected (0 slaves), 931168 bytes in use
[34617] 16 Aug 21:30:16 - 1 clients connected (0 slaves), 931168 bytes in use
[34617] 16 Aug 21:30:20 - Client closed connection
[34617] 16 Aug 21:30:21 - 0 clients connected (0 slaves), 922336 bytes in use
[34617] 16 Aug 21:30:26 - 0 clients connected (0 slaves), 922336 bytes in use
[34617] 16 Aug 21:30:31 - 0 clients connected (0 slaves), 922336 bytes in use
[34617] 16 Aug 21:30:36 - 0 clients connected (0 slaves), 922336 bytes in use
[34617] 16 Aug 21:30:41 - 0 clients connected (0 slaves), 922336 bytes in use
[34617] 16 Aug 21:30:46 - 0 clients connected (0 slaves), 922336 bytes in use
[34617] 16 Aug 21:30:51 - 0 clients connected (0 slaves), 922336 bytes in use
[34617] 16 Aug 21:30:56 - 0 clients connected (0 slaves), 922336 bytes in use
[34617] 16 Aug 21:31:01 - 0 clients connected (0 slaves), 922336 bytes in use
[34617] 16 Aug 21:31:06 - 0 clients connected (0 slaves), 922336 bytes in use
[34617] 16 Aug 21:31:11 - 0 clients connected (0 slaves), 922336 bytes in use
[34617] 16 Aug 21:31:16 - 0 clients connected (0 slaves), 922336 bytes in use
[34617] 16 Aug 21:31:22 - 0 clients connected (0 slaves), 922336 bytes in use
[34617] 16 Aug 21:31:23 - Accepted 127.0.0.1:54120
[34617] 16 Aug 21:31:27 - 1 clients connected (0 slaves), 931168 bytes in use
[34617] 16 Aug 21:31:32 - 1 clients connected (0 slaves), 931168 bytes in use
[34617] 16 Aug 21:31:37 - 1 clients connected (0 slaves), 931168 bytes in use
[34617] 16 Aug 21:31:42 - 1 clients connected (0 slaves), 931168 bytes in use
[34617] 16 Aug 21:31:47 - 1 clients connected (0 slaves), 931168 bytes in use
[34617] 16 Aug 21:31:52 - 1 clients connected (0 slaves), 931168 bytes in use
[34617] 16 Aug 21:31:57 - 1 clients connected (0 slaves), 931168 bytes in use
[34617] 16 Aug 21:32:02 - 1 clients connected (0 slaves), 931168 bytes in use
[34617] 16 Aug 21:32:07 - 1 clients connected (0 slaves), 931168 bytes in use
[34617] 16 Aug 21:32:12 - 1 clients connected (0 slaves), 931168 bytes in use
[34617] 16 Aug 21:32:17 - 1 clients connected (0 slaves), 931168 bytes in use
[34617] 16 Aug 21:32:22 - 1 clients connected (0 slaves), 931168 bytes in use
[34617] 16 Aug 21:32:27 - 1 clients connected (0 slaves), 931168 bytes in use
[34617] 16 Aug 21:32:32 - 1 clients connected (0 slaves), 931168 bytes in use
[34617] 16 Aug 21:32:37 - 1 clients connected (0 slaves), 931168 bytes in use
[34617] 16 Aug 21:32:42 - 1 clients connected (0 slaves), 931168 bytes in use
[34617] 16 Aug 21:32:47 - 1 clients connected (0 slaves), 931168 bytes in use
[34617] 16 Aug 21:32:52 - 1 clients connected (0 slaves), 931168 bytes in use
[34617] 16 Aug 21:32:57 - 1 clients connected (0 slaves), 931168 bytes in use
[34617] 16 Aug 21:33:02 - 1 clients connected (0 slaves), 931168 bytes in use
[34617] 16 Aug 21:33:07 - 1 clients connected (0 slaves), 931168 bytes in use
[34617] 16 Aug 21:33:13 - 1 clients connected (0 slaves), 931168 bytes in use
[34617] 16 Aug 21:33:18 - 1 clients connected (0 slaves), 931168 bytes in use
[34617] 16 Aug 21:33:23 - 1 clients connected (0 slaves), 931168 bytes in use
[34617] 16 Aug 21:33:28 - 1 clients connected (0 slaves), 931168 bytes in use
[34617] 16 Aug 21:33:33 - 1 clients connected (0 slaves), 931168 bytes in use
[34617] 16 Aug 21:33:38 - 1 clients connected (0 slaves), 931168 bytes in use
[34617] 16 Aug 21:33:43 - 1 clients connected (0 slaves), 931168 bytes in use
[34617] 16 Aug 21:33:48 - 1 clients connected (0 slaves), 931168 bytes in use
[34617] 16 Aug 21:33:53 - 1 clients connected (0 slaves), 931168 bytes in use
[34617] 16 Aug 21:33:58 - 1 clients connected (0 slaves), 931168 bytes in use
[34617] 16 Aug 21:34:03 - 1 clients connected (0 slaves), 931168 bytes in use
[34617] 16 Aug 21:34:08 - 1 clients connected (0 slaves), 931168 bytes in use
[34617] 16 Aug 21:34:13 - 1 clients connected (0 slaves), 931168 bytes in use
[34617] 16 Aug 21:34:18 - 1 clients connected (0 slaves), 931168 bytes in use
[34617] 16 Aug 21:34:23 - 1 clients connected (0 slaves), 931168 bytes in use
[34617] 16 Aug 21:34:28 - 1 clients connected (0 slaves), 931168 bytes in use
[34617] 16 Aug 21:34:33 - 1 clients connected (0 slaves), 931168 bytes in use
[34617] 16 Aug 21:34:38 - 1 clients connected (0 slaves), 931168 bytes in use
[34617] 16 Aug 21:34:43 - 1 clients connected (0 slaves), 931168 bytes in use
[34617] 16 Aug 21:34:48 - 1 clients connected (0 slaves), 931168 bytes in use
[34617] 16 Aug 21:34:53 - 1 clients connected (0 slaves), 931168 bytes in use
[34617] 16 Aug 21:34:58 - 1 clients connected (0 slaves), 931168 bytes in use
[34617] 16 Aug 21:35:03 - 1 clients connected (0 slaves), 931168 bytes in use
[34617] 16 Aug 21:35:09 - 1 clients connected (0 slaves), 931168 bytes in use
[34617] 16 Aug 21:35:14 - 1 clients connected (0 slaves), 931168 bytes in use
[34617] 16 Aug 21:35:19 - 1 clients connected (0 slaves), 931168 bytes in use
[34617] 16 Aug 21:35:24 - 1 clients connected (0 slaves), 931168 bytes in use
[34617] 16 Aug 21:35:29 - 1 clients connected (0 slaves), 931168 bytes in use
[34617] 16 Aug 21:35:34 - 1 clients connected (0 slaves), 931168 bytes in use
[34617] 16 Aug 21:35:39 - 1 clients connected (0 slaves), 931168 bytes in use
[34617] 16 Aug 21:35:44 - 1 clients connected (0 slaves), 931168 bytes in use
[34617] 16 Aug 21:35:49 - 1 clients connected (0 slaves), 931168 bytes in use
[34617] 16 Aug 21:35:54 - 1 clients connected (0 slaves), 931168 bytes in use
[34617] 16 Aug 21:35:59 - 1 clients connected (0 slaves), 931168 bytes in use
[34617] 16 Aug 21:36:04 - 1 clients connected (0 slaves), 931168 bytes in use
[34617] 16 Aug 21:36:09 - 1 clients connected (0 slaves), 931168 bytes in use
[34617] 16 Aug 21:36:14 - 1 clients connected (0 slaves), 931168 bytes in use
[34617] 16 Aug 21:36:19 - 1 clients connected (0 slaves), 931168 bytes in use
[34617] 16 Aug 21:36:24 - 1 clients connected (0 slaves), 931168 bytes in use
[34617] 16 Aug 21:36:29 - 1 clients connected (0 slaves), 931168 bytes in use
[34617] 16 Aug 21:36:34 - 1 clients connected (0 slaves), 931168 bytes in use
[34617] 16 Aug 21:36:39 - 1 clients connected (0 slaves), 931168 bytes in use
[34617] 16 Aug 21:36:44 - 1 clients connected (0 slaves), 931168 bytes in use
[34617] 16 Aug 21:36:49 - 1 clients connected (0 slaves), 931168 bytes in use
[34617] 16 Aug 21:36:54 - 1 clients connected (0 slaves), 931168 bytes in use
[34617] 16 Aug 21:37:00 - 1 clients connected (0 slaves), 931168 bytes in use
[34617] 16 Aug 21:37:05 - 1 clients connected (0 slaves), 931168 bytes in use
[34617] 16 Aug 21:37:10 - 1 clients connected (0 slaves), 931168 bytes in use
[34617] 16 Aug 21:37:15 - 1 clients connected (0 slaves), 931168 bytes in use
[34617] 16 Aug 21:37:20 - 1 clients connected (0 slaves), 931168 bytes in use
[34617] 16 Aug 21:37:25 - 1 clients connected (0 slaves), 931168 bytes in use
[34617] 16 Aug 21:37:30 - 1 clients connected (0 slaves), 931168 bytes in use
[34617] 16 Aug 21:37:35 - 1 clients connected (0 slaves), 931168 bytes in use
[34617] 16 Aug 21:37:40 - 1 clients connected (0 slaves), 931168 bytes in use
[34617] 16 Aug 21:37:45 - 1 clients connected (0 slaves), 931168 bytes in use
[34617] 16 Aug 21:37:50 - 1 clients connected (0 slaves), 931168 bytes in use
[34617] 16 Aug 21:37:55 - 1 clients connected (0 slaves), 931168 bytes in use
[34617] 16 Aug 21:38:00 - 1 clients connected (0 slaves), 931168 bytes in use
[34617] 16 Aug 21:38:05 - 1 clients connected (0 slaves), 931168 bytes in use
[34617] 16 Aug 21:38:10 - 1 clients connected (0 slaves), 931168 bytes in use
[34617] 16 Aug 21:38:15 - 1 clients connected (0 slaves), 931168 bytes in use
[34617] 16 Aug 21:38:20 - 1 clients connected (0 slaves), 931168 bytes in use
[34617] 16 Aug 21:38:25 - 1 clients connected (0 slaves), 931168 bytes in use
[34617] 16 Aug 21:38:30 - 1 clients connected (0 slaves), 931168 bytes in use
[34617] 16 Aug 21:38:35 - 1 clients connected (0 slaves), 931168 bytes in use
[34617] 16 Aug 21:38:40 - 1 clients connected (0 slaves), 931168 bytes in use
[34617] 16 Aug 21:38:45 - 1 clients connected (0 slaves), 931168 bytes in use
[34617] 16 Aug 21:38:51 - 1 clients connected (0 slaves), 931168 bytes in use
[34617] 16 Aug 21:38:56 - 1 clients connected (0 slaves), 931168 bytes in use
[34617] 16 Aug 21:39:01 - 1 clients connected (0 slaves), 931168 bytes in use
[34617] 16 Aug 21:39:06 - 1 clients connected (0 slaves), 931168 bytes in use
[34617] 16 Aug 21:39:11 - 1 clients connected (0 slaves), 931168 bytes in use
[34617] 16 Aug 21:39:16 - 1 clients connected (0 slaves), 931168 bytes in use
[34617] 16 Aug 21:39:21 - 1 clients connected (0 slaves), 931168 bytes in use
[34617] 16 Aug 21:39:26 - 1 clients connected (0 slaves), 931168 bytes in use
[34617] 16 Aug 21:39:31 - 1 clients connected (0 slaves), 931168 bytes in use
[34617] 16 Aug 21:39:36 - 1 clients connected (0 slaves), 931168 bytes in use
[34617] 16 Aug 21:39:41 - 1 clients connected (0 slaves), 931168 bytes in use
[34617] 16 Aug 21:39:43 - Accepted 127.0.0.1:54485
[34617] 16 Aug 21:39:43 - Client closed connection
[34617] 16 Aug 21:39:46 - 1 clients connected (0 slaves), 931168 bytes in use
[34617] 16 Aug 21:39:51 - 1 clients connected (0 slaves), 931168 bytes in use
[34617] 16 Aug 21:39:56 - 1 clients connected (0 slaves), 931168 bytes in use
[34617] 16 Aug 21:39:57 - Accepted 127.0.0.1:54488
[34617] 16 Aug 21:39:57 - Client closed connection
[34617] 16 Aug 21:39:57 - Accepted 127.0.0.1:54490
[34617] 16 Aug 21:39:57 - Client closed connection
[34617] 16 Aug 21:39:57 - Accepted 127.0.0.1:54492
[34617] 16 Aug 21:39:57 - Client closed connection
[34617] 16 Aug 21:39:57 - Accepted 127.0.0.1:54494
[34617] 16 Aug 21:39:57 - Client closed connection
[34617] 16 Aug 21:39:58 - Accepted 127.0.0.1:54496
[34617] 16 Aug 21:39:58 - Client closed connection
[34617] 16 Aug 21:40:01 - 1 clients connected (0 slaves), 931168 bytes in use
[34617] 16 Aug 21:40:06 - 1 clients connected (0 slaves), 931168 bytes in use
[34617] 16 Aug 21:40:11 - 1 clients connected (0 slaves), 931168 bytes in use
[34617] 16 Aug 21:40:16 - 1 clients connected (0 slaves), 931168 bytes in use
[34617] 16 Aug 21:40:21 - 1 clients connected (0 slaves), 931168 bytes in use
[34617] 16 Aug 21:40:26 - 1 clients connected (0 slaves), 931168 bytes in use
[34617] 16 Aug 21:40:31 - 1 clients connected (0 slaves), 931168 bytes in use
[34617] 16 Aug 21:40:36 - 1 clients connected (0 slaves), 931168 bytes in use
[34617] 16 Aug 21:40:42 - 1 clients connected (0 slaves), 931168 bytes in use
[34617] 16 Aug 21:40:47 - 1 clients connected (0 slaves), 931168 bytes in use
[34617] 16 Aug 21:40:52 - 1 clients connected (0 slaves), 931168 bytes in use
[34617] 16 Aug 21:40:57 - 1 clients connected (0 slaves), 931168 bytes in use
[34617] 16 Aug 21:41:02 - 1 clients connected (0 slaves), 931168 bytes in use
[34617] 16 Aug 21:41:07 - 1 clients connected (0 slaves), 931168 bytes in use
[34617] 16 Aug 21:41:12 - 1 clients connected (0 slaves), 931168 bytes in use
[34617] 16 Aug 21:41:17 - 1 clients connected (0 slaves), 931168 bytes in use
[34617] 16 Aug 21:41:22 - 1 clients connected (0 slaves), 931168 bytes in use
[34617] 16 Aug 21:41:25 - Accepted 127.0.0.1:54557
[34617] 16 Aug 21:41:25 - Client closed connection
[34617] 16 Aug 21:41:27 - 1 clients connected (0 slaves), 931168 bytes in use
[34617] 16 Aug 21:41:32 - 1 clients connected (0 slaves), 931168 bytes in use
[34617] 16 Aug 21:41:34 - Accepted 127.0.0.1:54559
[34617] 16 Aug 21:41:34 - Client closed connection
[34617] 16 Aug 21:41:35 - Accepted 127.0.0.1:54561
[34617] 16 Aug 21:41:35 - Client closed connection
[34617] 16 Aug 21:41:37 - 1 clients connected (0 slaves), 931168 bytes in use
[34617] 16 Aug 21:41:42 - 1 clients connected (0 slaves), 931168 bytes in use
[34617] 16 Aug 21:41:43 - Client closed connection
[34617] 16 Aug 21:41:44 - Accepted 127.0.0.1:54562
[34617] 16 Aug 21:41:47 - 1 clients connected (0 slaves), 931168 bytes in use
[34617] 16 Aug 21:41:52 - 1 clients connected (0 slaves), 931168 bytes in use
[34617] 16 Aug 21:41:57 - 1 clients connected (0 slaves), 931168 bytes in use
[34617] 16 Aug 21:42:02 - 1 clients connected (0 slaves), 931168 bytes in use
[34617] 16 Aug 21:42:07 - 1 clients connected (0 slaves), 931168 bytes in use
[34617] 16 Aug 21:42:12 - 1 clients connected (0 slaves), 931168 bytes in use
[34617] 16 Aug 21:42:17 - 1 clients connected (0 slaves), 931168 bytes in use
[34617] 16 Aug 21:42:22 - 1 clients connected (0 slaves), 931168 bytes in use
[34617] 16 Aug 21:42:27 - 1 clients connected (0 slaves), 931168 bytes in use
[34617] 16 Aug 21:42:33 - 1 clients connected (0 slaves), 931168 bytes in use
[34617] 16 Aug 21:42:38 - 1 clients connected (0 slaves), 931168 bytes in use
[34617] 16 Aug 21:42:43 - 1 clients connected (0 slaves), 931168 bytes in use
[34617] 16 Aug 21:42:48 - 1 clients connected (0 slaves), 931168 bytes in use
[34617] 16 Aug 21:42:53 - 1 clients connected (0 slaves), 931168 bytes in use
[34617] 16 Aug 21:42:58 - 1 clients connected (0 slaves), 931168 bytes in use
[34617] 16 Aug 21:43:03 - 1 clients connected (0 slaves), 931168 bytes in use
[34617] 16 Aug 21:43:08 - 1 clients connected (0 slaves), 931168 bytes in use
[34617] 16 Aug 21:43:13 - 1 clients connected (0 slaves), 931168 bytes in use
[34617] 16 Aug 21:43:18 - 1 clients connected (0 slaves), 931168 bytes in use
[34617] 16 Aug 21:43:23 - 1 clients connected (0 slaves), 931168 bytes in use
[34617] 16 Aug 21:43:28 - 1 clients connected (0 slaves), 931168 bytes in use
[34617] 16 Aug 21:43:33 - 1 clients connected (0 slaves), 931168 bytes in use
[34617] 16 Aug 21:43:38 - 1 clients connected (0 slaves), 931168 bytes in use
[34617] 16 Aug 21:43:43 - 1 clients connected (0 slaves), 931168 bytes in use
[34617] 16 Aug 21:43:48 - 1 clients connected (0 slaves), 931168 bytes in use
[34617] 16 Aug 21:43:53 - 1 clients connected (0 slaves), 931168 bytes in use
[34617] 16 Aug 21:43:58 - 1 clients connected (0 slaves), 931168 bytes in use
[34617] 16 Aug 21:44:03 - 1 clients connected (0 slaves), 931168 bytes in use
[34617] 16 Aug 21:44:08 - 1 clients connected (0 slaves), 931168 bytes in use
[34617] 16 Aug 21:44:13 - 1 clients connected (0 slaves), 931168 bytes in use
[34617] 16 Aug 21:44:18 - 1 clients connected (0 slaves), 931168 bytes in use
[34617] 16 Aug 21:44:24 - 1 clients connected (0 slaves), 931168 bytes in use
[34617] 16 Aug 21:44:29 - 1 clients connected (0 slaves), 931168 bytes in use
[34617] 16 Aug 21:44:34 - 1 clients connected (0 slaves), 931168 bytes in use
[34617] 16 Aug 21:44:39 - 1 clients connected (0 slaves), 931168 bytes in use
[34617] 16 Aug 21:44:44 - 1 clients connected (0 slaves), 931168 bytes in use
[34617] 16 Aug 21:44:49 - 1 clients connected (0 slaves), 931168 bytes in use
[34617] 16 Aug 21:44:54 - 1 clients connected (0 slaves), 931168 bytes in use
[34617] 16 Aug 21:44:59 - 1 clients connected (0 slaves), 931168 bytes in use
[34617] 16 Aug 21:45:04 - 1 clients connected (0 slaves), 931168 bytes in use
[34617] 16 Aug 21:45:09 - 1 clients connected (0 slaves), 931168 bytes in use
[34617] 16 Aug 21:45:14 - 1 clients connected (0 slaves), 931168 bytes in use
[34617] 16 Aug 21:45:19 - 1 clients connected (0 slaves), 931168 bytes in use
[34617] 16 Aug 21:45:24 - 1 clients connected (0 slaves), 931168 bytes in use
[34617] 16 Aug 21:45:29 - 1 clients connected (0 slaves), 931168 bytes in use
[34617] 16 Aug 21:45:34 - 1 clients connected (0 slaves), 931168 bytes in use
[34617] 16 Aug 21:45:39 - 1 clients connected (0 slaves), 931168 bytes in use
[34617] 16 Aug 21:45:44 - 1 clients connected (0 slaves), 931168 bytes in use
[34617] 16 Aug 21:45:49 - 1 clients connected (0 slaves), 931168 bytes in use
[34617] 16 Aug 21:45:54 - 1 clients connected (0 slaves), 931168 bytes in use
[34617] 16 Aug 21:45:59 - 1 clients connected (0 slaves), 931168 bytes in use
[34617] 16 Aug 21:46:04 - 1 clients connected (0 slaves), 931168 bytes in use
[34617] 16 Aug 21:46:10 - 1 clients connected (0 slaves), 931168 bytes in use
[34617] 16 Aug 21:46:15 - 1 clients connected (0 slaves), 931168 bytes in use
[34617] 16 Aug 21:46:20 - 1 clients connected (0 slaves), 931168 bytes in use
[34617] 16 Aug 21:46:25 - 1 clients connected (0 slaves), 931168 bytes in use
[34617] 16 Aug 21:46:30 - 1 clients connected (0 slaves), 931168 bytes in use
[34617] 16 Aug 21:46:35 - 1 clients connected (0 slaves), 931168 bytes in use
[34617] 16 Aug 21:46:40 - 1 clients connected (0 slaves), 931168 bytes in use
[34617] 16 Aug 21:46:45 - 1 clients connected (0 slaves), 931168 bytes in use
[34617] 16 Aug 21:46:50 - 1 clients connected (0 slaves), 931168 bytes in use
[34617] 16 Aug 21:46:55 - 1 clients connected (0 slaves), 931168 bytes in use
[34617] 16 Aug 21:47:00 - 1 clients connected (0 slaves), 931168 bytes in use
[34617] 16 Aug 21:47:05 - 1 clients connected (0 slaves), 931168 bytes in use
[34617] 16 Aug 21:47:10 - 1 clients connected (0 slaves), 931168 bytes in use
[34617] 16 Aug 21:47:15 - 1 clients connected (0 slaves), 931168 bytes in use
[34617] 16 Aug 21:47:20 - 1 clients connected (0 slaves), 931168 bytes in use
[34617] 16 Aug 21:47:25 - 1 clients connected (0 slaves), 931168 bytes in use
[34617] 16 Aug 21:47:30 - 1 clients connected (0 slaves), 931168 bytes in use
[34617] 16 Aug 21:47:35 - 1 clients connected (0 slaves), 931168 bytes in use
[34617] 16 Aug 21:47:40 - 1 clients connected (0 slaves), 931168 bytes in use
[34617] 16 Aug 21:47:45 - 1 clients connected (0 slaves), 931168 bytes in use
[34617] 16 Aug 21:47:50 - 1 clients connected (0 slaves), 931168 bytes in use
[34617] 16 Aug 21:47:55 - 1 clients connected (0 slaves), 931168 bytes in use
[34617] 16 Aug 21:48:01 - 1 clients connected (0 slaves), 931168 bytes in use
[34617] 16 Aug 21:48:06 - 1 clients connected (0 slaves), 931168 bytes in use
[34617] 16 Aug 21:48:11 - 1 clients connected (0 slaves), 931168 bytes in use
[34617] 16 Aug 21:48:16 - 1 clients connected (0 slaves), 931168 bytes in use
[34617] 16 Aug 21:48:21 - 1 clients connected (0 slaves), 931168 bytes in use
[34617] 16 Aug 21:48:26 - 1 clients connected (0 slaves), 931168 bytes in use
[34617] 16 Aug 21:48:31 - 1 clients connected (0 slaves), 931168 bytes in use
[34617] 16 Aug 21:48:36 - 1 clients connected (0 slaves), 931168 bytes in use
[34617] 16 Aug 21:48:41 - 1 clients connected (0 slaves), 931168 bytes in use
[34617] 16 Aug 21:48:46 - 1 clients connected (0 slaves), 931168 bytes in use
[34617] 16 Aug 21:48:51 - 1 clients connected (0 slaves), 931168 bytes in use
[34617] 16 Aug 21:48:56 - 1 clients connected (0 slaves), 931168 bytes in use
[34617] 16 Aug 21:49:01 - 1 clients connected (0 slaves), 931168 bytes in use
[34617] 16 Aug 21:49:06 - 1 clients connected (0 slaves), 931168 bytes in use
[34617] 16 Aug 21:49:11 - 1 clients connected (0 slaves), 931168 bytes in use
[34617] 16 Aug 21:49:16 - 1 clients connected (0 slaves), 931168 bytes in use
[34617] 16 Aug 21:49:21 - 1 clients connected (0 slaves), 931168 bytes in use
[34617] 16 Aug 21:49:26 - 1 clients connected (0 slaves), 931168 bytes in use
[34617] 16 Aug 21:49:31 - 1 clients connected (0 slaves), 931168 bytes in use
[34617] 16 Aug 21:49:36 - 1 clients connected (0 slaves), 931168 bytes in use
[34617] 16 Aug 21:49:41 - 1 clients connected (0 slaves), 931168 bytes in use
[34617] 16 Aug 21:49:46 - 1 clients connected (0 slaves), 931168 bytes in use
[34617] 16 Aug 21:49:52 - 1 clients connected (0 slaves), 931168 bytes in use
[34617] 16 Aug 21:49:57 - 1 clients connected (0 slaves), 931168 bytes in use
[34617] 16 Aug 21:50:02 - 1 clients connected (0 slaves), 931168 bytes in use
[34617] 16 Aug 21:50:07 - 1 clients connected (0 slaves), 931168 bytes in use
[34617] 16 Aug 21:50:12 - 1 clients connected (0 slaves), 931168 bytes in use
[34617] 16 Aug 21:50:17 - 1 clients connected (0 slaves), 931168 bytes in use
[34617] 16 Aug 21:50:22 - 1 clients connected (0 slaves), 931168 bytes in use
[34617] 16 Aug 21:50:27 - 1 clients connected (0 slaves), 931168 bytes in use
[34617] 16 Aug 21:50:32 - 1 clients connected (0 slaves), 931168 bytes in use
[34617] 16 Aug 21:50:37 - 1 clients connected (0 slaves), 931168 bytes in use
[34617] 16 Aug 21:50:42 - 1 clients connected (0 slaves), 931168 bytes in use
[34617] 16 Aug 21:50:47 - 1 clients connected (0 slaves), 931168 bytes in use
[34617] 16 Aug 21:50:52 - 1 clients connected (0 slaves), 931168 bytes in use
[34617] 16 Aug 21:50:57 - 1 clients connected (0 slaves), 931168 bytes in use
[34617] 16 Aug 21:51:02 - 1 clients connected (0 slaves), 931168 bytes in use
[34617] 16 Aug 21:51:07 - 1 clients connected (0 slaves), 931168 bytes in use
[34617] 16 Aug 21:51:12 - 1 clients connected (0 slaves), 931168 bytes in use
[34617] 16 Aug 21:51:17 - 1 clients connected (0 slaves), 931168 bytes in use
[34617] 16 Aug 21:51:22 - 1 clients connected (0 slaves), 931168 bytes in use
[34617] 16 Aug 21:51:27 - 1 clients connected (0 slaves), 931168 bytes in use
[34617] 16 Aug 21:51:32 - 1 clients connected (0 slaves), 931168 bytes in use
[34617] 16 Aug 21:51:37 - 1 clients connected (0 slaves), 931168 bytes in use
[34617] 16 Aug 21:51:43 - 1 clients connected (0 slaves), 931168 bytes in use
[34617] 16 Aug 21:51:48 - 1 clients connected (0 slaves), 931168 bytes in use
[34617] 16 Aug 21:51:53 - 1 clients connected (0 slaves), 931168 bytes in use
[34617] 16 Aug 21:51:58 - 1 clients connected (0 slaves), 931168 bytes in use
[34617] 16 Aug 21:52:03 - 1 clients connected (0 slaves), 931168 bytes in use
[34617] 16 Aug 21:52:08 - 1 clients connected (0 slaves), 931168 bytes in use
[34617] 16 Aug 21:52:13 - 1 clients connected (0 slaves), 931168 bytes in use
[34617] 16 Aug 21:52:18 - 1 clients connected (0 slaves), 931168 bytes in use
[34617] 16 Aug 21:52:23 - 1 clients connected (0 slaves), 931168 bytes in use
[34617] 16 Aug 21:52:28 - 1 clients connected (0 slaves), 931168 bytes in use
[34617] 16 Aug 21:52:33 - 1 clients connected (0 slaves), 931168 bytes in use
[34617] 16 Aug 21:52:38 - 1 clients connected (0 slaves), 931168 bytes in use
[34617] 16 Aug 21:52:43 - 1 clients connected (0 slaves), 931168 bytes in use
[34617] 16 Aug 21:52:48 - 1 clients connected (0 slaves), 931168 bytes in use
[34617] 16 Aug 21:52:53 - 1 clients connected (0 slaves), 931168 bytes in use
[34617] 16 Aug 21:52:58 - 1 clients connected (0 slaves), 931168 bytes in use
[34617] 16 Aug 21:53:03 - 1 clients connected (0 slaves), 931168 bytes in use
[34617] 16 Aug 21:53:08 - 1 clients connected (0 slaves), 931168 bytes in use
[34617] 16 Aug 21:53:13 - 1 clients connected (0 slaves), 931168 bytes in use
[34617] 16 Aug 21:53:18 - 1 clients connected (0 slaves), 931168 bytes in use
[34617] 16 Aug 21:53:23 - 1 clients connected (0 slaves), 931168 bytes in use
[34617] 16 Aug 21:53:29 - 1 clients connected (0 slaves), 931168 bytes in use
[34617] 16 Aug 21:53:34 - 1 clients connected (0 slaves), 931168 bytes in use
[34617] 16 Aug 21:53:39 - 1 clients connected (0 slaves), 931168 bytes in use
[34617] 16 Aug 21:53:44 - 1 clients connected (0 slaves), 931168 bytes in use
[34617] 16 Aug 21:53:49 - 1 clients connected (0 slaves), 931168 bytes in use
[34617] 16 Aug 21:53:54 - 1 clients connected (0 slaves), 931168 bytes in use
[34617] 16 Aug 21:53:59 - 1 clients connected (0 slaves), 931168 bytes in use
[34617] 16 Aug 21:54:04 - 1 clients connected (0 slaves), 931168 bytes in use
[34617] 16 Aug 21:54:09 - 1 clients connected (0 slaves), 931168 bytes in use
[34617] 16 Aug 21:54:14 - 1 clients connected (0 slaves), 931168 bytes in use
[34617] 16 Aug 21:54:19 - 1 clients connected (0 slaves), 931168 bytes in use
[34617] 16 Aug 21:54:24 - 1 clients connected (0 slaves), 931168 bytes in use
[34617] 16 Aug 21:54:29 - 1 clients connected (0 slaves), 931168 bytes in use
[34617] 16 Aug 21:54:34 - 1 clients connected (0 slaves), 931168 bytes in use
[34617] 16 Aug 21:54:39 - 1 clients connected (0 slaves), 931168 bytes in use
[34617] 16 Aug 21:54:44 - 1 clients connected (0 slaves), 931168 bytes in use
[34617] 16 Aug 21:54:49 - 1 clients connected (0 slaves), 931168 bytes in use
[34617] 16 Aug 21:54:54 - 1 clients connected (0 slaves), 931168 bytes in use
[34617] 16 Aug 21:54:59 - 1 clients connected (0 slaves), 931168 bytes in use
[34617] 16 Aug 21:55:04 - 1 clients connected (0 slaves), 931168 bytes in use
[34617] 16 Aug 21:55:09 - 1 clients connected (0 slaves), 931168 bytes in use
[34617] 16 Aug 21:55:14 - 1 clients connected (0 slaves), 931168 bytes in use
[34617] 16 Aug 21:55:19 - Client closed connection
[34617] 16 Aug 21:55:20 - 0 clients connected (0 slaves), 922336 bytes in use
[34617] 16 Aug 21:55:25 - 0 clients connected (0 slaves), 922336 bytes in use
[34617] 16 Aug 21:55:30 - 0 clients connected (0 slaves), 922336 bytes in use
[34617] 16 Aug 21:55:35 - 0 clients connected (0 slaves), 922336 bytes in use
[34617] 16 Aug 21:55:40 - 0 clients connected (0 slaves), 922336 bytes in use
[34617] 16 Aug 21:55:45 - 0 clients connected (0 slaves), 922336 bytes in use
[34617] 16 Aug 21:55:50 - 0 clients connected (0 slaves), 922336 bytes in use
[34617] 16 Aug 21:55:55 - 0 clients connected (0 slaves), 922336 bytes in use
[34617] 16 Aug 21:56:00 - 0 clients connected (0 slaves), 922336 bytes in use
[34617] 16 Aug 21:56:05 - 0 clients connected (0 slaves), 922336 bytes in use
[34617] 16 Aug 21:56:10 - 0 clients connected (0 slaves), 922336 bytes in use
[34617] 16 Aug 21:56:15 - 0 clients connected (0 slaves), 922336 bytes in use
[34617] 16 Aug 21:56:20 - 0 clients connected (0 slaves), 922336 bytes in use
[34617] 16 Aug 21:56:25 - 0 clients connected (0 slaves), 922336 bytes in use
[34617] 16 Aug 21:56:30 - 0 clients connected (0 slaves), 922336 bytes in use
[34617] 16 Aug 21:56:35 - 0 clients connected (0 slaves), 922336 bytes in use
[34617] 16 Aug 21:56:40 - 0 clients connected (0 slaves), 922336 bytes in use
[34617] 16 Aug 21:56:45 - 0 clients connected (0 slaves), 922336 bytes in use
[34617] 16 Aug 21:56:50 - 0 clients connected (0 slaves), 922336 bytes in use
[34617] 16 Aug 21:56:55 - 0 clients connected (0 slaves), 922336 bytes in use
[34617] 16 Aug 21:57:00 - 0 clients connected (0 slaves), 922336 bytes in use
[34617] 16 Aug 21:57:05 - 0 clients connected (0 slaves), 922336 bytes in use
[34617] 16 Aug 21:57:11 - 0 clients connected (0 slaves), 922336 bytes in use
[34617] 16 Aug 21:57:16 - 0 clients connected (0 slaves), 922336 bytes in use
[34617] 16 Aug 21:57:21 - 0 clients connected (0 slaves), 922336 bytes in use
[34617] 16 Aug 21:57:26 - 0 clients connected (0 slaves), 922336 bytes in use
[34617] 16 Aug 21:57:31 - 0 clients connected (0 slaves), 922336 bytes in use
[34617] 16 Aug 21:57:36 - 0 clients connected (0 slaves), 922336 bytes in use
[34617] 16 Aug 21:57:41 - 0 clients connected (0 slaves), 922336 bytes in use
[34617] 16 Aug 21:57:46 - 0 clients connected (0 slaves), 922336 bytes in use
[34617] 16 Aug 21:57:51 - 0 clients connected (0 slaves), 922336 bytes in use
[34617] 16 Aug 21:57:56 - 0 clients connected (0 slaves), 922336 bytes in use
[34617] 16 Aug 21:58:01 - 0 clients connected (0 slaves), 922336 bytes in use
[34617] 16 Aug 21:58:06 - 0 clients connected (0 slaves), 922336 bytes in use
[34617] 16 Aug 21:58:11 - 0 clients connected (0 slaves), 922336 bytes in use
[34617] 16 Aug 21:58:16 - 0 clients connected (0 slaves), 922336 bytes in use
[34617] 16 Aug 21:58:21 - 0 clients connected (0 slaves), 922336 bytes in use
[34617] 16 Aug 21:58:26 - 0 clients connected (0 slaves), 922336 bytes in use
[34617] 16 Aug 21:58:31 - 0 clients connected (0 slaves), 922336 bytes in use
[34617] 16 Aug 21:58:36 - 0 clients connected (0 slaves), 922336 bytes in use
[34617] 16 Aug 21:58:41 - 0 clients connected (0 slaves), 922336 bytes in use
[34617] 16 Aug 21:58:46 - 0 clients connected (0 slaves), 922336 bytes in use
[34617] 16 Aug 21:58:51 - 0 clients connected (0 slaves), 922336 bytes in use
[34617] 16 Aug 21:58:56 - 0 clients connected (0 slaves), 922336 bytes in use
[34617] 16 Aug 21:59:02 - 0 clients connected (0 slaves), 922336 bytes in use
[34617] 16 Aug 21:59:07 - 0 clients connected (0 slaves), 922336 bytes in use
[34617] 16 Aug 21:59:12 - 0 clients connected (0 slaves), 922336 bytes in use
[34617] 16 Aug 21:59:17 - 0 clients connected (0 slaves), 922336 bytes in use
[34617] 16 Aug 21:59:22 - 0 clients connected (0 slaves), 922336 bytes in use
[34617] 16 Aug 21:59:27 - 0 clients connected (0 slaves), 922336 bytes in use
[34617] 16 Aug 21:59:32 - 0 clients connected (0 slaves), 922336 bytes in use
[34617] 16 Aug 21:59:37 - 0 clients connected (0 slaves), 922336 bytes in use
[34617] 16 Aug 21:59:42 - 0 clients connected (0 slaves), 922336 bytes in use
[34617] 16 Aug 21:59:47 - 0 clients connected (0 slaves), 922336 bytes in use
[34617] 16 Aug 21:59:52 - 0 clients connected (0 slaves), 922336 bytes in use
[34617] 16 Aug 21:59:57 - 0 clients connected (0 slaves), 922336 bytes in use
[34617] 16 Aug 22:00:02 - 0 clients connected (0 slaves), 922336 bytes in use
[34617] 16 Aug 22:00:07 - 0 clients connected (0 slaves), 922336 bytes in use
[34617] 16 Aug 22:00:12 - 0 clients connected (0 slaves), 922336 bytes in use
[34617] 16 Aug 22:00:17 - 0 clients connected (0 slaves), 922336 bytes in use
[34617] 16 Aug 22:00:22 - 0 clients connected (0 slaves), 922336 bytes in use
[34617] 16 Aug 22:00:27 - 0 clients connected (0 slaves), 922336 bytes in use
[34617] 16 Aug 22:00:32 - 0 clients connected (0 slaves), 922336 bytes in use
[34617] 16 Aug 22:00:37 - 0 clients connected (0 slaves), 922336 bytes in use
[34617] 16 Aug 22:00:42 - 0 clients connected (0 slaves), 922336 bytes in use
[34617] 16 Aug 22:00:47 - 0 clients connected (0 slaves), 922336 bytes in use
[34617] 16 Aug 22:00:53 - 0 clients connected (0 slaves), 922336 bytes in use
[34617] 16 Aug 22:00:58 - 0 clients connected (0 slaves), 922336 bytes in use
[34617] 16 Aug 22:01:03 - 0 clients connected (0 slaves), 922336 bytes in use
[34617] 16 Aug 22:01:08 - 0 clients connected (0 slaves), 922336 bytes in use
[34617] 16 Aug 22:01:13 - 0 clients connected (0 slaves), 922336 bytes in use
[34617] 16 Aug 22:01:18 - 0 clients connected (0 slaves), 922336 bytes in use
[34617] 16 Aug 22:01:23 - 0 clients connected (0 slaves), 922336 bytes in use
[34617] 16 Aug 22:01:28 - 0 clients connected (0 slaves), 922336 bytes in use
[34617] 16 Aug 22:01:33 - 0 clients connected (0 slaves), 922336 bytes in use
[34617] 16 Aug 22:01:38 - 0 clients connected (0 slaves), 922336 bytes in use
[34617] 16 Aug 22:01:43 - 0 clients connected (0 slaves), 922336 bytes in use
[34617] 16 Aug 22:01:48 - 0 clients connected (0 slaves), 922336 bytes in use
[34617] 16 Aug 22:01:53 - 0 clients connected (0 slaves), 922336 bytes in use
[34617] 16 Aug 22:01:58 - 0 clients connected (0 slaves), 922336 bytes in use
[34617] 16 Aug 22:02:03 - 0 clients connected (0 slaves), 922336 bytes in use
[34617] 16 Aug 22:02:08 - 0 clients connected (0 slaves), 922336 bytes in use
[34617] 16 Aug 22:02:13 - 0 clients connected (0 slaves), 922336 bytes in use
[34617] 16 Aug 22:02:18 - 0 clients connected (0 slaves), 922336 bytes in use
[34617] 16 Aug 22:02:23 - 0 clients connected (0 slaves), 922336 bytes in use
[34617] 16 Aug 22:02:28 - 0 clients connected (0 slaves), 922336 bytes in use
[34617] 16 Aug 22:02:33 - 0 clients connected (0 slaves), 922336 bytes in use
[34617] 16 Aug 22:02:38 - 0 clients connected (0 slaves), 922336 bytes in use
[34617] 16 Aug 22:02:44 - 0 clients connected (0 slaves), 922336 bytes in use
[34617] 16 Aug 22:02:49 - 0 clients connected (0 slaves), 922336 bytes in use
[34617] 16 Aug 22:02:54 - 0 clients connected (0 slaves), 922336 bytes in use
[34617] 16 Aug 22:02:59 - 0 clients connected (0 slaves), 922336 bytes in use
[34617] 16 Aug 22:03:04 - 0 clients connected (0 slaves), 922336 bytes in use
[34617] 16 Aug 22:03:09 - 0 clients connected (0 slaves), 922336 bytes in use
[34617] 16 Aug 22:03:14 - 0 clients connected (0 slaves), 922336 bytes in use
[34617] 16 Aug 22:03:19 - 0 clients connected (0 slaves), 922336 bytes in use
[34617] 16 Aug 22:03:24 - 0 clients connected (0 slaves), 922336 bytes in use
[34617] 16 Aug 22:03:29 - 0 clients connected (0 slaves), 922336 bytes in use
[34617] 16 Aug 22:03:34 - 0 clients connected (0 slaves), 922336 bytes in use
[34617] 16 Aug 22:03:39 - 0 clients connected (0 slaves), 922336 bytes in use
[34617] 16 Aug 22:03:44 - 0 clients connected (0 slaves), 922336 bytes in use
[34617] 16 Aug 22:03:49 - 0 clients connected (0 slaves), 922336 bytes in use
[34617] 16 Aug 22:03:54 - 0 clients connected (0 slaves), 922336 bytes in use
[34617] 16 Aug 22:03:59 - 0 clients connected (0 slaves), 922336 bytes in use
[34617] 16 Aug 22:04:04 - 0 clients connected (0 slaves), 922336 bytes in use
[34617] 16 Aug 22:04:09 - 0 clients connected (0 slaves), 922336 bytes in use
[34617] 16 Aug 22:04:14 - 0 clients connected (0 slaves), 922336 bytes in use
[34617] 16 Aug 22:04:19 - 0 clients connected (0 slaves), 922336 bytes in use
[34617] 16 Aug 22:04:24 - 0 clients connected (0 slaves), 922336 bytes in use
[34617] 16 Aug 22:04:29 - 0 clients connected (0 slaves), 922336 bytes in use
[34617] 16 Aug 22:04:34 - 0 clients connected (0 slaves), 922336 bytes in use
[34617] 16 Aug 22:04:40 - 0 clients connected (0 slaves), 922336 bytes in use
[34617] 16 Aug 22:04:45 - 0 clients connected (0 slaves), 922336 bytes in use
[34617] 16 Aug 22:04:50 - 0 clients connected (0 slaves), 922336 bytes in use
[34617] 16 Aug 22:04:55 - 0 clients connected (0 slaves), 922336 bytes in use
[34617] 16 Aug 22:05:00 - 0 clients connected (0 slaves), 922336 bytes in use
[34617] 16 Aug 22:05:05 - 0 clients connected (0 slaves), 922336 bytes in use
[34617] 16 Aug 22:05:10 - 0 clients connected (0 slaves), 922336 bytes in use
[34617] 16 Aug 22:05:15 - 0 clients connected (0 slaves), 922336 bytes in use
[34617] 16 Aug 22:05:20 - 0 clients connected (0 slaves), 922336 bytes in use
[34617] 16 Aug 22:05:25 - 0 clients connected (0 slaves), 922336 bytes in use
[34617] 16 Aug 22:05:30 - 0 clients connected (0 slaves), 922336 bytes in use
[34617] 16 Aug 22:05:35 - 0 clients connected (0 slaves), 922336 bytes in use
[34617] 16 Aug 22:05:40 - 0 clients connected (0 slaves), 922336 bytes in use
[34617] 16 Aug 22:05:45 - 0 clients connected (0 slaves), 922336 bytes in use
[34617] 16 Aug 22:05:50 - 0 clients connected (0 slaves), 922336 bytes in use
[34617] 16 Aug 22:05:55 - 0 clients connected (0 slaves), 922336 bytes in use
[34617] 16 Aug 22:06:00 - 0 clients connected (0 slaves), 922336 bytes in use
[34617] 16 Aug 22:06:05 - 0 clients connected (0 slaves), 922336 bytes in use
[34617] 16 Aug 22:06:10 - 0 clients connected (0 slaves), 922336 bytes in use
[34617] 16 Aug 22:06:15 - 0 clients connected (0 slaves), 922336 bytes in use
[34617] 16 Aug 22:06:20 - 0 clients connected (0 slaves), 922336 bytes in use
[34617] 16 Aug 22:06:26 - 0 clients connected (0 slaves), 922336 bytes in use
[34617] 16 Aug 22:06:31 - 0 clients connected (0 slaves), 922336 bytes in use
[34617] 16 Aug 22:06:36 - 0 clients connected (0 slaves), 922336 bytes in use
[34617] 16 Aug 22:06:41 - 0 clients connected (0 slaves), 922336 bytes in use
[34617] 16 Aug 22:06:46 - 0 clients connected (0 slaves), 922336 bytes in use
[34617] 16 Aug 22:06:51 - 0 clients connected (0 slaves), 922336 bytes in use
[34617] 16 Aug 22:06:56 - 0 clients connected (0 slaves), 922336 bytes in use
[34617] 16 Aug 22:07:01 - 0 clients connected (0 slaves), 922336 bytes in use
[34617] 16 Aug 22:07:06 - 0 clients connected (0 slaves), 922336 bytes in use
[34617] 16 Aug 22:07:11 - 0 clients connected (0 slaves), 922336 bytes in use
[34617] 16 Aug 22:07:16 - 0 clients connected (0 slaves), 922336 bytes in use
[34617] 16 Aug 22:07:21 - 0 clients connected (0 slaves), 922336 bytes in use
[34617] 16 Aug 22:07:26 - 0 clients connected (0 slaves), 922336 bytes in use
[34617] 16 Aug 22:07:31 - 0 clients connected (0 slaves), 922336 bytes in use
[34617] 16 Aug 22:07:36 - 0 clients connected (0 slaves), 922336 bytes in use
[34617] 16 Aug 22:07:41 - 0 clients connected (0 slaves), 922336 bytes in use
[34617] 16 Aug 22:07:46 - 0 clients connected (0 slaves), 922336 bytes in use
[34617] 16 Aug 22:07:51 - 0 clients connected (0 slaves), 922336 bytes in use
[34617] 16 Aug 22:07:56 - 0 clients connected (0 slaves), 922336 bytes in use
[34617] 16 Aug 22:08:01 - 0 clients connected (0 slaves), 922336 bytes in use
[34617] 16 Aug 22:08:06 - 0 clients connected (0 slaves), 922336 bytes in use
[34617] 16 Aug 22:08:11 - 0 clients connected (0 slaves), 922336 bytes in use
[34617] 16 Aug 22:08:16 - 0 clients connected (0 slaves), 922336 bytes in use
[34617] 16 Aug 22:08:22 - 0 clients connected (0 slaves), 922336 bytes in use
[34617] 16 Aug 22:08:27 - 0 clients connected (0 slaves), 922336 bytes in use
[34617] 16 Aug 22:08:32 - 0 clients connected (0 slaves), 922336 bytes in use
[34617] 16 Aug 22:08:37 - 0 clients connected (0 slaves), 922336 bytes in use
[34617] 16 Aug 22:08:42 - 0 clients connected (0 slaves), 922336 bytes in use
[34617] 16 Aug 22:08:47 - 0 clients connected (0 slaves), 922336 bytes in use
[34617] 16 Aug 22:08:52 - 0 clients connected (0 slaves), 922336 bytes in use
[34617] 16 Aug 22:08:57 - 0 clients connected (0 slaves), 922336 bytes in use
[34617] 16 Aug 22:09:02 - 0 clients connected (0 slaves), 922336 bytes in use
[34617] 16 Aug 22:09:07 - 0 clients connected (0 slaves), 922336 bytes in use
[34617] 16 Aug 22:09:12 - 0 clients connected (0 slaves), 922336 bytes in use
[34617] 16 Aug 22:09:17 - 0 clients connected (0 slaves), 922336 bytes in use
[34617] 16 Aug 22:09:22 - 0 clients connected (0 slaves), 922336 bytes in use
[34617] 16 Aug 22:09:27 - 0 clients connected (0 slaves), 922336 bytes in use
[34617] 16 Aug 22:09:32 - 0 clients connected (0 slaves), 922336 bytes in use
[34617] 16 Aug 22:09:37 - 0 clients connected (0 slaves), 922336 bytes in use
[34617] 16 Aug 22:09:42 - 0 clients connected (0 slaves), 922336 bytes in use
[34617] 16 Aug 22:09:47 - 0 clients connected (0 slaves), 922336 bytes in use
[34617] 16 Aug 22:09:52 - 0 clients connected (0 slaves), 922336 bytes in use
[34617] 16 Aug 22:09:57 - 0 clients connected (0 slaves), 922336 bytes in use
[34617] 16 Aug 22:10:02 - 0 clients connected (0 slaves), 922336 bytes in use
[34617] 16 Aug 22:10:07 - 0 clients connected (0 slaves), 922336 bytes in use
[34617] 16 Aug 22:10:13 - 0 clients connected (0 slaves), 922336 bytes in use
[34617] 16 Aug 22:10:18 - 0 clients connected (0 slaves), 922336 bytes in use
[34617] 16 Aug 22:10:23 - 0 clients connected (0 slaves), 922336 bytes in use
[34617] 16 Aug 22:10:28 - 0 clients connected (0 slaves), 922336 bytes in use
[34617] 16 Aug 22:10:33 - 0 clients connected (0 slaves), 922336 bytes in use
[34617] 16 Aug 22:10:38 - 0 clients connected (0 slaves), 922336 bytes in use
[34617] 16 Aug 22:10:43 - 0 clients connected (0 slaves), 922336 bytes in use
[34617] 16 Aug 22:10:48 - 0 clients connected (0 slaves), 922336 bytes in use
[34617] 16 Aug 22:10:53 - 0 clients connected (0 slaves), 922336 bytes in use
[34617] 16 Aug 22:10:58 - 0 clients connected (0 slaves), 922336 bytes in use
[34617] 16 Aug 22:11:03 - 0 clients connected (0 slaves), 922336 bytes in use
[34617] 16 Aug 22:11:08 - 0 clients connected (0 slaves), 922336 bytes in use
[34617] 16 Aug 22:11:13 - 0 clients connected (0 slaves), 922336 bytes in use
[34617] 16 Aug 22:11:18 - 0 clients connected (0 slaves), 922336 bytes in use
[34617] 16 Aug 22:11:23 - 0 clients connected (0 slaves), 922336 bytes in use
[34617] 16 Aug 22:11:28 - 0 clients connected (0 slaves), 922336 bytes in use
[34617] 16 Aug 22:11:33 - 0 clients connected (0 slaves), 922336 bytes in use
[34617] 16 Aug 22:11:38 - 0 clients connected (0 slaves), 922336 bytes in use
[34617] 16 Aug 22:11:43 - 0 clients connected (0 slaves), 922336 bytes in use
[34617] 16 Aug 22:11:48 - 0 clients connected (0 slaves), 922336 bytes in use
[34617] 16 Aug 22:11:53 - 0 clients connected (0 slaves), 922336 bytes in use
[34617] 16 Aug 22:11:58 - 0 clients connected (0 slaves), 922336 bytes in use
[34617] 16 Aug 22:12:04 - 0 clients connected (0 slaves), 922336 bytes in use
[34617] 16 Aug 22:12:09 - 0 clients connected (0 slaves), 922336 bytes in use
[34617] 16 Aug 22:12:14 - 0 clients connected (0 slaves), 922336 bytes in use
[34617] 16 Aug 22:12:19 - 0 clients connected (0 slaves), 922336 bytes in use
[34617] 16 Aug 22:12:24 - 0 clients connected (0 slaves), 922336 bytes in use
[34617] 16 Aug 22:12:29 - 0 clients connected (0 slaves), 922336 bytes in use
[34617] 16 Aug 22:12:34 - 0 clients connected (0 slaves), 922336 bytes in use
[34617] 16 Aug 22:12:39 - 0 clients connected (0 slaves), 922336 bytes in use
[34617] 16 Aug 22:12:44 - 0 clients connected (0 slaves), 922336 bytes in use
[34617] 16 Aug 22:12:49 - 0 clients connected (0 slaves), 922336 bytes in use
[34617] 16 Aug 22:12:54 - 0 clients connected (0 slaves), 922336 bytes in use
[34617] 16 Aug 22:12:59 - 0 clients connected (0 slaves), 922336 bytes in use
[34617] 16 Aug 22:13:04 - 0 clients connected (0 slaves), 922336 bytes in use
[34617] 16 Aug 22:13:09 - 0 clients connected (0 slaves), 922336 bytes in use
[34617] 16 Aug 22:13:14 - 0 clients connected (0 slaves), 922336 bytes in use
[34617] 16 Aug 22:13:19 - 0 clients connected (0 slaves), 922336 bytes in use
[34617] 16 Aug 22:13:24 - 0 clients connected (0 slaves), 922336 bytes in use
[34617] 16 Aug 22:13:29 - 0 clients connected (0 slaves), 922336 bytes in use
[34617] 16 Aug 22:13:34 - 0 clients connected (0 slaves), 922336 bytes in use
[34617] 16 Aug 22:13:39 - 0 clients connected (0 slaves), 922336 bytes in use
[34617] 16 Aug 22:13:44 - 0 clients connected (0 slaves), 922336 bytes in use
[34617] 16 Aug 22:13:49 - 0 clients connected (0 slaves), 922336 bytes in use
[34617] 16 Aug 22:13:54 - 0 clients connected (0 slaves), 922336 bytes in use
[34617] 16 Aug 22:14:00 - 0 clients connected (0 slaves), 922336 bytes in use
[34617] 16 Aug 22:14:05 - 0 clients connected (0 slaves), 922336 bytes in use
[34617] 16 Aug 22:14:10 - 0 clients connected (0 slaves), 922336 bytes in use
[34617] 16 Aug 22:14:15 - 0 clients connected (0 slaves), 922336 bytes in use
[34617] 16 Aug 22:14:20 - 0 clients connected (0 slaves), 922336 bytes in use
